2013/11/26 13:11:28 にビルドを開始しました。
     1>ノード 2 上のプロジェクト "C:\Users\y.tanaka\Documents\Visual Studio 2010\Projects\ForIlluisionProject\Experiment_adjastableLuminance\Experiment_adjastableLuminance\Experiment_adjastableLuminance.vcxproj" (build ターゲット)。
     1>PrepareForBuild:
         ディレクトリ "C:\Users\y.tanaka\Documents\Visual Studio 2010\Projects\ForIlluisionProject\Experiment_adjastableLuminance\Release\" を作成しています。
       InitializeBuildStatus:
         "AlwaysCreate" が指定されたため "Release\Experiment_adjustableLuminance.unsuccessfulbuild" を作成しています。
       ClCompile:
         C:\Program Files (x86)\Microsoft Visual Studio 10.0\VC\bin\CL.exe /c /Zi /nologo /W3 /WX- /O2 /Oi /Oy- /GL /D WIN32 /D NDEBUG /D _CONSOLE /D _UNICODE /D UNICODE /Gm- /EHsc /MD /GS /Gy /fp:precise /Zc:wchar_t /Zc:forScope /Fo"Release\\" /Fd"Release\vc100.pdb" /Gd /TP /analyze- /errorReport:prompt Experiment_adjustableLuminance.cpp
         Experiment_adjustableLuminance.cpp
     1>Experiment_adjustableLuminance.cpp(77): warning C4244: '引数' : 'double' から 'GLclampf' への変換です。データが失われる可能性があります。
     1>Experiment_adjustableLuminance.cpp(77): warning C4244: '引数' : 'double' から 'GLclampf' への変換です。データが失われる可能性があります。
     1>Experiment_adjustableLuminance.cpp(77): warning C4244: '引数' : 'double' から 'GLclampf' への変換です。データが失われる可能性があります。
     1>Experiment_adjustableLuminance.cpp(98): warning C4244: '引数' : 'double' から 'GLfloat' への変換です。データが失われる可能性があります。
     1>Experiment_adjustableLuminance.cpp(98): warning C4244: '引数' : 'double' から 'GLfloat' への変換です。データが失われる可能性があります。
     1>Experiment_adjustableLuminance.cpp(109): warning C4244: '引数' : 'double' から 'GLclampf' への変換です。データが失われる可能性があります。
     1>Experiment_adjustableLuminance.cpp(109): warning C4244: '引数' : 'double' から 'GLclampf' への変換です。データが失われる可能性があります。
     1>Experiment_adjustableLuminance.cpp(109): warning C4244: '引数' : 'double' から 'GLclampf' への変換です。データが失われる可能性があります。
     1>Experiment_adjustableLuminance.cpp(113): warning C4244: '引数' : 'double' から 'GLfloat' への変換です。データが失われる可能性があります。
     1>Experiment_adjustableLuminance.cpp(113): warning C4244: '引数' : 'double' から 'GLfloat' への変換です。データが失われる可能性があります。
     1>Experiment_adjustableLuminance.cpp(115): warning C4244: '引数' : 'double' から 'GLfloat' への変換です。データが失われる可能性があります。
     1>Experiment_adjustableLuminance.cpp(115): warning C4244: '引数' : 'double' から 'GLfloat' への変換です。データが失われる可能性があります。
     1>Experiment_adjustableLuminance.cpp(117): warning C4244: '引数' : 'double' から 'GLfloat' への変換です。データが失われる可能性があります。
     1>Experiment_adjustableLuminance.cpp(117): warning C4244: '引数' : 'double' から 'GLfloat' への変換です。データが失われる可能性があります。
     1>Experiment_adjustableLuminance.cpp(119): warning C4244: '引数' : 'double' から 'GLfloat' への変換です。データが失われる可能性があります。
     1>Experiment_adjustableLuminance.cpp(119): warning C4244: '引数' : 'double' から 'GLfloat' への変換です。データが失われる可能性があります。
     1>Experiment_adjustableLuminance.cpp(121): warning C4244: '引数' : 'double' から 'GLfloat' への変換です。データが失われる可能性があります。
     1>Experiment_adjustableLuminance.cpp(121): warning C4244: '引数' : 'double' から 'GLfloat' への変換です。データが失われる可能性があります。
     1>Experiment_adjustableLuminance.cpp(126): warning C4244: '引数' : 'double' から 'GLfloat' への変換です。データが失われる可能性があります。
     1>Experiment_adjustableLuminance.cpp(126): warning C4244: '引数' : 'double' から 'GLfloat' への変換です。データが失われる可能性があります。
     1>Experiment_adjustableLuminance.cpp(128): warning C4244: '引数' : 'double' から 'GLfloat' への変換です。データが失われる可能性があります。
     1>Experiment_adjustableLuminance.cpp(128): warning C4244: '引数' : 'double' から 'GLfloat' への変換です。データが失われる可能性があります。
     1>Experiment_adjustableLuminance.cpp(130): warning C4244: '引数' : 'double' から 'GLfloat' への変換です。データが失われる可能性があります。
     1>Experiment_adjustableLuminance.cpp(130): warning C4244: '引数' : 'double' から 'GLfloat' への変換です。データが失われる可能性があります。
     1>Experiment_adjustableLuminance.cpp(132): warning C4244: '引数' : 'double' から 'GLfloat' への変換です。データが失われる可能性があります。
     1>Experiment_adjustableLuminance.cpp(132): warning C4244: '引数' : 'double' から 'GLfloat' への変換です。データが失われる可能性があります。
     1>Experiment_adjustableLuminance.cpp(136): warning C4996: 'sprintf': This function or variable may be unsafe. Consider using sprintf_s instead. To disable deprecation, use _CRT_SECURE_NO_WARNINGS. See online help for details.
                 C:\Program Files (x86)\Microsoft Visual Studio 10.0\VC\include\stdio.h(371) : 'sprintf' の宣言を確認してください。
     1>Experiment_adjustableLuminance.cpp(137): warning C4996: 'sprintf': This function or variable may be unsafe. Consider using sprintf_s instead. To disable deprecation, use _CRT_SECURE_NO_WARNINGS. See online help for details.
                 C:\Program Files (x86)\Microsoft Visual Studio 10.0\VC\include\stdio.h(371) : 'sprintf' の宣言を確認してください。
     1>Experiment_adjustableLuminance.cpp(139): warning C4244: '引数' : 'double' から 'GLfloat' への変換です。データが失われる可能性があります。
     1>Experiment_adjustableLuminance.cpp(139): warning C4244: '引数' : 'double' から 'GLfloat' への変換です。データが失われる可能性があります。
     1>Experiment_adjustableLuminance.cpp(141): warning C4244: '引数' : 'double' から 'GLfloat' への変換です。データが失われる可能性があります。
     1>Experiment_adjustableLuminance.cpp(141): warning C4244: '引数' : 'double' から 'GLfloat' への変換です。データが失われる可能性があります。
     1>Experiment_adjustableLuminance.cpp(143): warning C4244: '引数' : 'double' から 'GLfloat' への変換です。データが失われる可能性があります。
     1>Experiment_adjustableLuminance.cpp(143): warning C4244: '引数' : 'double' から 'GLfloat' への変換です。データが失われる可能性があります。
     1>Experiment_adjustableLuminance.cpp(145): warning C4244: '引数' : 'double' から 'GLfloat' への変換です。データが失われる可能性があります。
     1>Experiment_adjustableLuminance.cpp(145): warning C4244: '引数' : 'double' から 'GLfloat' への変換です。データが失われる可能性があります。
     1>Experiment_adjustableLuminance.cpp(147): warning C4244: '引数' : 'double' から 'GLfloat' への変換です。データが失われる可能性があります。
     1>Experiment_adjustableLuminance.cpp(147): warning C4244: '引数' : 'double' から 'GLfloat' への変換です。データが失われる可能性があります。
     1>Experiment_adjustableLuminance.cpp(149): warning C4244: '引数' : 'double' から 'GLfloat' への変換です。データが失われる可能性があります。
     1>Experiment_adjustableLuminance.cpp(149): warning C4244: '引数' : 'double' から 'GLfloat' への変換です。データが失われる可能性があります。
     1>Experiment_adjustableLuminance.cpp(151): warning C4244: '引数' : 'double' から 'GLfloat' への変換です。データが失われる可能性があります。
     1>Experiment_adjustableLuminance.cpp(151): warning C4244: '引数' : 'double' から 'GLfloat' への変換です。データが失われる可能性があります。
     1>Experiment_adjustableLuminance.cpp(153): warning C4244: '引数' : 'double' から 'GLfloat' への変換です。データが失われる可能性があります。
     1>Experiment_adjustableLuminance.cpp(153): warning C4244: '引数' : 'double' から 'GLfloat' への変換です。データが失われる可能性があります。
     1>Experiment_adjustableLuminance.cpp(155): warning C4244: '引数' : 'double' から 'GLfloat' への変換です。データが失われる可能性があります。
     1>Experiment_adjustableLuminance.cpp(155): warning C4244: '引数' : 'double' から 'GLfloat' への変換です。データが失われる可能性があります。
     1>Experiment_adjustableLuminance.cpp(157): warning C4244: '引数' : 'double' から 'GLfloat' への変換です。データが失われる可能性があります。
     1>Experiment_adjustableLuminance.cpp(157): warning C4244: '引数' : 'double' から 'GLfloat' への変換です。データが失われる可能性があります。
     1>Experiment_adjustableLuminance.cpp(159): warning C4244: '引数' : 'double' から 'GLfloat' への変換です。データが失われる可能性があります。
     1>Experiment_adjustableLuminance.cpp(159): warning C4244: '引数' : 'double' から 'GLfloat' への変換です。データが失われる可能性があります。
     1>Experiment_adjustableLuminance.cpp(161): warning C4244: '引数' : 'double' から 'GLfloat' への変換です。データが失われる可能性があります。
     1>Experiment_adjustableLuminance.cpp(161): warning C4244: '引数' : 'double' から 'GLfloat' への変換です。データが失われる可能性があります。
     1>Experiment_adjustableLuminance.cpp(163): warning C4244: '引数' : 'double' から 'GLfloat' への変換です。データが失われる可能性があります。
     1>Experiment_adjustableLuminance.cpp(163): warning C4244: '引数' : 'double' から 'GLfloat' への変換です。データが失われる可能性があります。
     1>Experiment_adjustableLuminance.cpp(165): warning C4244: '引数' : 'double' から 'GLfloat' への変換です。データが失われる可能性があります。
     1>Experiment_adjustableLuminance.cpp(165): warning C4244: '引数' : 'double' から 'GLfloat' への変換です。データが失われる可能性があります。
     1>Experiment_adjustableLuminance.cpp(318): warning C4996: 'ctime': This function or variable may be unsafe. Consider using ctime_s instead. To disable deprecation, use _CRT_SECURE_NO_WARNINGS. See online help for details.
                 C:\Program Files (x86)\Microsoft Visual Studio 10.0\VC\include\time.inl(86) : 'ctime' の宣言を確認してください。
     1>Experiment_adjustableLuminance.cpp(403): warning C4244: '引数' : 'double' から 'GLclampf' への変換です。データが失われる可能性があります。
     1>Experiment_adjustableLuminance.cpp(403): warning C4244: '引数' : 'double' から 'GLclampf' への変換です。データが失われる可能性があります。
     1>Experiment_adjustableLuminance.cpp(403): warning C4244: '引数' : 'double' から 'GLclampf' への変換です。データが失われる可能性があります。
     1>Experiment_adjustableLuminance.cpp(550): warning C4244: '引数' : 'double' から 'int' への変換です。データが失われる可能性があります。
     1>Experiment_adjustableLuminance.cpp(550): warning C4244: '引数' : 'double' から 'int' への変換です。データが失われる可能性があります。
     1>Experiment_adjustableLuminance.cpp(551): warning C4244: '引数' : 'const double' から 'int' への変換です。データが失われる可能性があります。
     1>Experiment_adjustableLuminance.cpp(551): warning C4244: '引数' : 'const double' から 'int' への変換です。データが失われる可能性があります。
       Link:
         C:\Program Files (x86)\Microsoft Visual Studio 10.0\VC\bin\link.exe /ERRORREPORT:PROMPT /OUT:"C:\Users\y.tanaka\Documents\Visual Studio 2010\Projects\ForIlluisionProject\Experiment_adjastableLuminance\Release\Experiment_adjustableLuminance.exe" /INCREMENTAL:NO /NOLOGO kernel32.lib user32.lib gdi32.lib winspool.lib comdlg32.lib advapi32.lib shell32.lib ole32.lib oleaut32.lib uuid.lib odbc32.lib odbccp32.lib /MANIFEST /ManifestFile:"Release\Experiment_adjustableLuminance.exe.intermediate.manifest" /MANIFESTUAC:"level='asInvoker' uiAccess='false'" /DEBUG /PDB:"C:\Users\y.tanaka\Documents\Visual Studio 2010\Projects\ForIlluisionProject\Experiment_adjastableLuminance\Release\Experiment_adjustableLuminance.pdb" /SUBSYSTEM:CONSOLE /OPT:REF /OPT:ICF /LTCG /TLBID:1 /DYNAMICBASE /NXCOMPAT /IMPLIB:"C:\Users\y.tanaka\Documents\Visual Studio 2010\Projects\ForIlluisionProject\Experiment_adjastableLuminance\Release\Experiment_adjustableLuminance.lib" /MACHINE:X86 Release\Experiment_adjustableLuminance.obj
         コード生成しています。
         コード生成が終了しました。
         Experiment_adjastableLuminance.vcxproj -> C:\Users\y.tanaka\Documents\Visual Studio 2010\Projects\ForIlluisionProject\Experiment_adjastableLuminance\Release\Experiment_adjustableLuminance.exe
       Manifest:
         C:\Program Files (x86)\Microsoft SDKs\Windows\v7.0A\bin\mt.exe /nologo /verbose /outputresource:"C:\Users\y.tanaka\Documents\Visual Studio 2010\Projects\ForIlluisionProject\Experiment_adjastableLuminance\Release\Experiment_adjustableLuminance.exe;#1" /manifest Release\Experiment_adjustableLuminance.exe.intermediate.manifest
       FinalizeBuildStatus:
         ファイル "Release\Experiment_adjustableLuminance.unsuccessfulbuild" を削除しています。
         "Release\Experiment_adjustableLuminance.lastbuildstate" のタッチ タスクを実行しています。
     1>プロジェクト "C:\Users\y.tanaka\Documents\Visual Studio 2010\Projects\ForIlluisionProject\Experiment_adjastableLuminance\Experiment_adjastableLuminance\Experiment_adjastableLuminance.vcxproj" (build ターゲット) のビルドが完了しました。

ビルドに成功しました。

経過時間 00:00:04.61
